2023-07-05 00:43:57.703 [INFO ] c.a.T.Task1Application - Starting Task1Application using Java 17.0.7 with PID 24016 (C:\Users\Ayushi.Jain\IdeaProjects\Task1\target\classes started by Ayushi.Jain in C:\Users\Ayushi.Jain\IdeaProjects\Task1)
2023-07-05 00:43:57.705 [DEBUG] c.a.T.Task1Application - Running with Spring Boot v3.1.0, Spring v6.0.9
2023-07-05 00:43:57.707 [INFO ] c.a.T.Task1Application - No active profile set, falling back to 1 default profile: "default"
2023-07-05 00:44:02.364 [INFO ] c.a.T.Task1Application - Started Task1Application in 5.159 seconds (process running for 5.651)
2023-07-05 00:44:18.086 [TRACE] c.a.T.c.CompanyController - Saving company : Company(compId=679, compName=Persistent)
2023-07-05 00:44:18.205 [TRACE] c.a.T.c.CompanyController - Company Saved Successfully
2023-07-05 00:45:06.733 [INFO ] c.a.T.Task1Application - Starting Task1Application using Java 17.0.7 with PID 24016 (C:\Users\Ayushi.Jain\IdeaProjects\Task1\target\classes started by Ayushi.Jain in C:\Users\Ayushi.Jain\IdeaProjects\Task1)
2023-07-05 00:45:06.734 [DEBUG] c.a.T.Task1Application - Running with Spring Boot v3.1.0, Spring v6.0.9
2023-07-05 00:45:06.734 [INFO ] c.a.T.Task1Application - No active profile set, falling back to 1 default profile: "default"
2023-07-05 00:45:06.985 [INFO ] o.s.d.r.c.RepositoryConfigurationDelegate - Bootstrapping Spring Data JPA repositories in DEFAULT mode.
2023-07-05 00:45:07.007 [INFO ] o.s.d.r.c.RepositoryConfigurationDelegate - Finished Spring Data repository scanning in 21 ms. Found 2 JPA repository interfaces.
2023-07-05 00:45:07.135 [INFO ] o.s.b.w.e.t.TomcatWebServer - Tomcat initialized with port(s): 8080 (http)
2023-07-05 00:45:07.136 [INFO ] o.a.c.c.StandardService - Starting service [Tomcat]
2023-07-05 00:45:07.137 [INFO ] o.a.c.c.StandardEngine - Starting Servlet engine: [Apache Tomcat/10.1.8]
2023-07-05 00:45:07.162 [INFO ] o.a.c.c.C.[.[.[/] - Initializing Spring embedded WebApplicationContext
2023-07-05 00:45:07.163 [INFO ] o.s.b.w.s.c.ServletWebServerApplicationContext - Root WebApplicationContext: initialization completed in 426 ms
2023-07-05 00:45:07.215 [INFO ] o.h.j.i.u.LogHelper - HHH000204: Processing PersistenceUnitInfo [name: default]
2023-07-05 00:45:07.225 [INFO ] o.h.b.i.BytecodeProviderInitiator - HHH000021: Bytecode provider name : bytebuddy
2023-07-05 00:45:07.226 [INFO ] o.s.o.j.p.SpringPersistenceUnitInfo - No LoadTimeWeaver setup: ignoring JPA class transformer
2023-07-05 00:45:07.228 [INFO ] c.z.h.HikariDataSource - testdb - Starting...
2023-07-05 00:45:07.250 [INFO ] c.z.h.p.HikariPool - testdb - Added connection com.mysql.cj.jdbc.ConnectionImpl@2058242e
2023-07-05 00:45:07.251 [INFO ] c.z.h.HikariDataSource - testdb - Start completed.
2023-07-05 00:45:07.253 [INFO ] o.h.orm.dialect - HHH035001: Using dialect: org.hibernate.dialect.MySQLDialect, version: 8.0.33
2023-07-05 00:45:07.267 [INFO ] o.h.b.i.BytecodeProviderInitiator - HHH000021: Bytecode provider name : bytebuddy
2023-07-05 00:45:07.320 [INFO ] o.h.e.t.j.p.i.JtaPlatformInitiator - HHH000490: Using JtaPlatform implementation: [org.hibernate.engine.transaction.jta.platform.internal.NoJtaPlatform]
2023-07-05 00:45:07.354 [INFO ] o.s.o.j.LocalContainerEntityManagerFactoryBean - Initialized JPA EntityManagerFactory for persistence unit 'default'
2023-07-05 00:45:07.580 [INFO ] o.s.b.d.a.OptionalLiveReloadServer - LiveReload server is running on port 35729
2023-07-05 00:45:07.588 [INFO ] o.s.b.w.e.t.TomcatWebServer - Tomcat started on port(s): 8080 (http) with context path ''
2023-07-05 00:45:07.592 [INFO ] c.a.T.Task1Application - Started Task1Application in 0.892 seconds (process running for 70.878)
2023-07-05 00:45:07.593 [INFO ] o.s.b.d.a.ConditionEvaluationDeltaLoggingListener - Condition evaluation unchanged
2023-07-05 00:45:25.345 [INFO ] o.s.o.j.LocalContainerEntityManagerFactoryBean - Closing JPA EntityManagerFactory for persistence unit 'default'
2023-07-05 00:45:25.346 [INFO ] c.z.h.HikariDataSource - testdb - Shutdown initiated...
2023-07-05 00:45:25.353 [INFO ] c.z.h.HikariDataSource - testdb - Shutdown completed.
2023-07-05 00:45:29.823 [INFO ] c.a.T.Task1Application - Starting Task1Application using Java 17.0.7 with PID 15232 (C:\Users\Ayushi.Jain\IdeaProjects\Task1\target\classes started by Ayushi.Jain in C:\Users\Ayushi.Jain\IdeaProjects\Task1)
2023-07-05 00:45:29.825 [DEBUG] c.a.T.Task1Application - Running with Spring Boot v3.1.0, Spring v6.0.9
2023-07-05 00:45:29.826 [INFO ] c.a.T.Task1Application - No active profile set, falling back to 1 default profile: "default"
2023-07-05 00:45:29.886 [INFO ] o.s.b.d.e.DevToolsPropertyDefaultsPostProcessor - Devtools property defaults active! Set 'spring.devtools.add-properties' to 'false' to disable
2023-07-05 00:45:29.887 [INFO ] o.s.b.d.e.DevToolsPropertyDefaultsPostProcessor - For additional web related logging consider setting the 'logging.level.web' property to 'DEBUG'
2023-07-05 00:45:30.727 [INFO ] o.s.d.r.c.RepositoryConfigurationDelegate - Bootstrapping Spring Data JPA repositories in DEFAULT mode.
2023-07-05 00:45:30.820 [INFO ] o.s.d.r.c.RepositoryConfigurationDelegate - Finished Spring Data repository scanning in 79 ms. Found 2 JPA repository interfaces.
2023-07-05 00:45:31.679 [INFO ] o.s.b.w.e.t.TomcatWebServer - Tomcat initialized with port(s): 8080 (http)
2023-07-05 00:45:31.692 [INFO ] o.a.c.c.StandardService - Starting service [Tomcat]
2023-07-05 00:45:31.693 [INFO ] o.a.c.c.StandardEngine - Starting Servlet engine: [Apache Tomcat/10.1.8]
2023-07-05 00:45:31.765 [INFO ] o.a.c.c.C.[.[.[/] - Initializing Spring embedded WebApplicationContext
2023-07-05 00:45:31.765 [INFO ] o.s.b.w.s.c.ServletWebServerApplicationContext - Root WebApplicationContext: initialization completed in 1878 ms
2023-07-05 00:45:31.951 [INFO ] o.h.j.i.u.LogHelper - HHH000204: Processing PersistenceUnitInfo [name: default]
2023-07-05 00:45:32.020 [INFO ] o.h.Version - HHH000412: Hibernate ORM core version 6.2.2.Final
2023-07-05 00:45:32.022 [INFO ] o.h.c.Environment - HHH000406: Using bytecode reflection optimizer
2023-07-05 00:45:32.205 [INFO ] o.h.b.i.BytecodeProviderInitiator - HHH000021: Bytecode provider name : bytebuddy
2023-07-05 00:45:32.375 [INFO ] o.s.o.j.p.SpringPersistenceUnitInfo - No LoadTimeWeaver setup: ignoring JPA class transformer
2023-07-05 00:45:32.395 [INFO ] c.z.h.HikariDataSource - testdb - Starting...
2023-07-05 00:45:32.770 [INFO ] c.z.h.p.HikariPool - testdb - Added connection com.mysql.cj.jdbc.ConnectionImpl@f145ae
2023-07-05 00:45:32.773 [INFO ] c.z.h.HikariDataSource - testdb - Start completed.
2023-07-05 00:45:32.840 [INFO ] o.h.orm.dialect - HHH035001: Using dialect: org.hibernate.dialect.MySQLDialect, version: 8.0.33
2023-07-05 00:45:33.085 [INFO ] o.h.b.i.BytecodeProviderInitiator - HHH000021: Bytecode provider name : bytebuddy
2023-07-05 00:45:33.769 [INFO ] o.h.e.t.j.p.i.JtaPlatformInitiator - HHH000490: Using JtaPlatform implementation: [org.hibernate.engine.transaction.jta.platform.internal.NoJtaPlatform]
2023-07-05 00:45:33.842 [INFO ] o.s.o.j.LocalContainerEntityManagerFactoryBean - Initialized JPA EntityManagerFactory for persistence unit 'default'
2023-07-05 00:45:34.636 [INFO ] o.s.b.d.a.OptionalLiveReloadServer - LiveReload server is running on port 35729
2023-07-05 00:45:34.671 [INFO ] o.s.b.w.e.t.TomcatWebServer - Tomcat started on port(s): 8080 (http) with context path ''
2023-07-05 00:45:34.681 [INFO ] c.a.T.Task1Application - Started Task1Application in 5.352 seconds (process running for 5.859)
2023-07-05 00:45:48.156 [INFO ] o.a.c.c.C.[.[.[/] - Initializing Spring DispatcherServlet 'dispatcherServlet'
2023-07-05 00:45:48.156 [INFO ] o.s.w.s.DispatcherServlet - Initializing Servlet 'dispatcherServlet'
2023-07-05 00:45:48.157 [INFO ] o.s.w.s.DispatcherServlet - Completed initialization in 1 ms
2023-07-05 00:45:48.270 [TRACE] c.a.T.c.CompanyController - Saving company : Company(compId=679, compName=Persistent)
2023-07-05 00:45:48.371 [TRACE] c.a.T.c.CompanyController - Company Saved Successfully
2023-07-05 00:46:39.009 [INFO ] o.s.b.d.a.LocalDevToolsAutoConfiguration$RestartingClassPathChangeChangedEventListener - Restarting due to 1 class path change (0 additions, 0 deletions, 1 modification)
2023-07-05 00:46:39.030 [INFO ] o.a.c.c.StandardService - Stopping service [Tomcat]
2023-07-05 00:46:39.031 [INFO ] o.a.c.c.C.[.[.[/] - Destroying Spring FrameworkServlet 'dispatcherServlet'
2023-07-05 00:46:39.041 [INFO ] o.s.o.j.LocalContainerEntityManagerFactoryBean - Closing JPA EntityManagerFactory for persistence unit 'default'
2023-07-05 00:46:39.046 [INFO ] c.z.h.HikariDataSource - testdb - Shutdown initiated...
2023-07-05 00:46:39.058 [INFO ] c.z.h.HikariDataSource - testdb - Shutdown completed.
2023-07-05 00:46:39.186 [INFO ] c.a.T.Task1Application - Starting Task1Application using Java 17.0.7 with PID 15232 (C:\Users\Ayushi.Jain\IdeaProjects\Task1\target\classes started by Ayushi.Jain in C:\Users\Ayushi.Jain\IdeaProjects\Task1)
2023-07-05 00:46:39.186 [DEBUG] c.a.T.Task1Application - Running with Spring Boot v3.1.0, Spring v6.0.9
2023-07-05 00:46:39.186 [INFO ] c.a.T.Task1Application - No active profile set, falling back to 1 default profile: "default"
2023-07-05 00:46:39.447 [INFO ] o.s.d.r.c.RepositoryConfigurationDelegate - Bootstrapping Spring Data JPA repositories in DEFAULT mode.
2023-07-05 00:46:39.462 [INFO ] o.s.d.r.c.RepositoryConfigurationDelegate - Finished Spring Data repository scanning in 15 ms. Found 2 JPA repository interfaces.
2023-07-05 00:46:39.570 [INFO ] o.s.b.w.e.t.TomcatWebServer - Tomcat initialized with port(s): 8080 (http)
2023-07-05 00:46:39.570 [INFO ] o.a.c.c.StandardService - Starting service [Tomcat]
2023-07-05 00:46:39.571 [INFO ] o.a.c.c.StandardEngine - Starting Servlet engine: [Apache Tomcat/10.1.8]
2023-07-05 00:46:39.598 [INFO ] o.a.c.c.C.[.[.[/] - Initializing Spring embedded WebApplicationContext
2023-07-05 00:46:39.598 [INFO ] o.s.b.w.s.c.ServletWebServerApplicationContext - Root WebApplicationContext: initialization completed in 409 ms
2023-07-05 00:46:39.637 [INFO ] o.h.j.i.u.LogHelper - HHH000204: Processing PersistenceUnitInfo [name: default]
2023-07-05 00:46:39.647 [INFO ] o.h.b.i.BytecodeProviderInitiator - HHH000021: Bytecode provider name : bytebuddy
2023-07-05 00:46:39.647 [INFO ] o.s.o.j.p.SpringPersistenceUnitInfo - No LoadTimeWeaver setup: ignoring JPA class transformer
2023-07-05 00:46:39.648 [INFO ] c.z.h.HikariDataSource - testdb - Starting...
2023-07-05 00:46:39.666 [INFO ] c.z.h.p.HikariPool - testdb - Added connection com.mysql.cj.jdbc.ConnectionImpl@4d4d886e
2023-07-05 00:46:39.666 [INFO ] c.z.h.HikariDataSource - testdb - Start completed.
2023-07-05 00:46:39.668 [INFO ] o.h.orm.dialect - HHH035001: Using dialect: org.hibernate.dialect.MySQLDialect, version: 8.0.33
2023-07-05 00:46:39.681 [INFO ] o.h.b.i.BytecodeProviderInitiator - HHH000021: Bytecode provider name : bytebuddy
2023-07-05 00:46:39.740 [INFO ] o.h.e.t.j.p.i.JtaPlatformInitiator - HHH000490: Using JtaPlatform implementation: [org.hibernate.engine.transaction.jta.platform.internal.NoJtaPlatform]
2023-07-05 00:46:39.774 [INFO ] o.s.o.j.LocalContainerEntityManagerFactoryBean - Initialized JPA EntityManagerFactory for persistence unit 'default'
2023-07-05 00:46:39.996 [INFO ] o.s.b.d.a.OptionalLiveReloadServer - LiveReload server is running on port 35729
2023-07-05 00:46:40.005 [INFO ] o.s.b.w.e.t.TomcatWebServer - Tomcat started on port(s): 8080 (http) with context path ''
2023-07-05 00:46:40.009 [INFO ] c.a.T.Task1Application - Started Task1Application in 0.859 seconds (process running for 71.188)
2023-07-05 00:46:40.011 [INFO ] o.s.b.d.a.ConditionEvaluationDeltaLoggingListener - Condition evaluation unchanged
2023-07-05 00:46:50.741 [INFO ] o.s.b.d.a.LocalDevToolsAutoConfiguration$RestartingClassPathChangeChangedEventListener - Restarting due to 1 class path change (0 additions, 0 deletions, 1 modification)
2023-07-05 00:46:50.756 [INFO ] o.a.c.c.StandardService - Stopping service [Tomcat]
2023-07-05 00:46:50.760 [INFO ] o.s.o.j.LocalContainerEntityManagerFactoryBean - Closing JPA EntityManagerFactory for persistence unit 'default'
2023-07-05 00:46:50.761 [INFO ] c.z.h.HikariDataSource - testdb - Shutdown initiated...
2023-07-05 00:46:50.768 [INFO ] c.z.h.HikariDataSource - testdb - Shutdown completed.
2023-07-05 00:46:50.884 [INFO ] c.a.T.Task1Application - Starting Task1Application using Java 17.0.7 with PID 15232 (C:\Users\Ayushi.Jain\IdeaProjects\Task1\target\classes started by Ayushi.Jain in C:\Users\Ayushi.Jain\IdeaProjects\Task1)
2023-07-05 00:46:50.885 [DEBUG] c.a.T.Task1Application - Running with Spring Boot v3.1.0, Spring v6.0.9
2023-07-05 00:46:50.885 [INFO ] c.a.T.Task1Application - No active profile set, falling back to 1 default profile: "default"
2023-07-05 00:46:51.586 [INFO ] c.a.T.Task1Application - Started Task1Application in 0.73 seconds (process running for 82.765)
2023-07-05 00:46:59.937 [INFO ] c.a.T.Task1Application - Starting Task1Application using Java 17.0.7 with PID 22908 (C:\Users\Ayushi.Jain\IdeaProjects\Task1\target\classes started by Ayushi.Jain in C:\Users\Ayushi.Jain\IdeaProjects\Task1)
2023-07-05 00:46:59.938 [DEBUG] c.a.T.Task1Application - Running with Spring Boot v3.1.0, Spring v6.0.9
2023-07-05 00:46:59.939 [INFO ] c.a.T.Task1Application - No active profile set, falling back to 1 default profile: "default"
2023-07-05 00:47:04.654 [INFO ] c.a.T.Task1Application - Started Task1Application in 5.198 seconds (process running for 5.726)
2023-07-05 00:47:31.946 [TRACE] c.a.T.c.CompanyController - Saving company : Company(compId=679, compName=Persistent)
2023-07-05 00:47:32.046 [TRACE] c.a.T.c.CompanyController - Company Saved Successfully
